ter 08 fev 2022 12:58:12 -03
/home/alverad/chembl_analyser/cruzipain
[13:32:55] WARNING: not removing hydrogen atom without neighbors
[13:32:55] WARNING: not removing hydrogen atom without neighbors
[13:36:08] WARNING: not removing hydrogen atom without neighbors
[13:36:08] WARNING: not removing hydrogen atom without neighbors
[15:39:38] Can't kekulize mol.  Unkekulized atoms: 1 2 3 4 5 6 10 11 15 16 17 19 20 21

[16:44:39] WARNING: not removing hydrogen atom without neighbors
[16:44:39] WARNING: not removing hydrogen atom without neighbors
[16:44:39] WARNING: not removing hydrogen atom without neighbors
[16:44:39] WARNING: not removing hydrogen atom without neighbors
[16:44:39] WARNING: not removing hydrogen atom without neighbors
[16:44:39] WARNING: not removing hydrogen atom without neighbors
[19:03:07] WARNING: not removing hydrogen atom without neighbors
[19:03:07] WARNING: not removing hydrogen atom without neighbors
[22:11:07] WARNING: not removing hydrogen atom without neighbors
[22:11:07] WARNING: not removing hydrogen atom without neighbors
Parte 1 de 20

Parte 2 de 20

Parte 3 de 20

Parte 4 de 20

Parte 5 de 20

Parte 6 de 20

Parte 7 de 20

Parte 8 de 20

Parte 9 de 20

Parte 10 de 20

Parte 11 de 20

Parte 12 de 20

Parte 13 de 20

Parte 14 de 20

Parte 15 de 20

Parte 16 de 20

Parte 17 de 20

Parte 18 de 20

Parte 19 de 20

Parte 20 de 20

qua 09 fev 2022 00:15:45 -03
